2025-02-12 18:57:46,157 - DEBUG - Fetching vocabulary from: http://localhost:5000/api/groups/1/words/raw
2025-02-12 18:57:46,171 - INFO - Loaded 120 words
2025-02-12 18:58:16,465 - DEBUG - Getting random word and generating sentence
2025-02-12 18:58:16,466 - DEBUG - Generating sentence for word: 止める
2025-02-12 18:58:18,018 - INFO - Generated sentence: あなたがその行動を止めるべきです。
2025-02-12 19:00:16,362 - DEBUG - Fetching vocabulary from: http://localhost:5000/api/groups/1/words/raw
2025-02-12 19:00:16,380 - INFO - Loaded 120 words
2025-02-12 19:00:18,571 - DEBUG - Getting random word and generating sentence
2025-02-12 19:00:18,577 - DEBUG - Generating sentence for word: 書く
2025-02-12 19:00:20,113 - INFO - Generated sentence: 私は毎日日記を書く習慣があります。
2025-02-12 19:02:36,403 - DEBUG - Getting random word and generating sentence
2025-02-12 19:02:36,403 - DEBUG - Generating sentence for word: 行く
2025-02-12 19:02:38,194 - INFO - Generated sentence: 明日、私は東京に行く予定です。
2025-02-12 19:02:59,675 - DEBUG - Fetching vocabulary from: http://localhost:5000/api/groups/1/words/raw
2025-02-12 19:02:59,695 - INFO - Loaded 120 words
2025-02-12 19:03:07,756 - DEBUG - Getting random word and generating sentence
2025-02-12 19:03:07,758 - DEBUG - Generating sentence for word: 起きる
2025-02-12 19:03:09,407 - INFO - Generated sentence: 毎朝6時に起きるのはとても辛いです。
2025-02-12 19:09:12,558 - DEBUG - Fetching vocabulary from: http://localhost:5000/api/groups/1/words/raw
2025-02-12 19:09:12,571 - INFO - Loaded 120 words
2025-02-12 19:09:29,488 - DEBUG - Getting random word and generating sentence
2025-02-12 19:09:29,490 - DEBUG - Generating sentence for word: 待つ
2025-02-12 19:09:30,758 - INFO - Generated sentence: 彼女が公園で私を待つことになっています。
2025-02-12 19:17:10,746 - ERROR - Error in grade_submission: cannot import name 'Tensor' from 'torch' (unknown location)
2025-02-12 19:18:38,891 - DEBUG - Fetching vocabulary from: http://localhost:5000/api/groups/1/words/raw
2025-02-12 19:18:38,912 - INFO - Loaded 120 words
2025-02-12 19:18:43,263 - DEBUG - Getting random word and generating sentence
2025-02-12 19:18:43,264 - DEBUG - Generating sentence for word: 勉強する
2025-02-12 19:18:44,542 - INFO - Generated sentence: 毎日、日本語を勉強することが大切です。
2025-02-12 19:19:05,692 - ERROR - Error in grade_submission: cannot import name 'Tensor' from 'torch' (unknown location)
2025-02-12 19:20:44,032 - DEBUG - Fetching vocabulary from: http://localhost:5000/api/groups/1/words/raw
2025-02-12 19:20:44,047 - INFO - Loaded 120 words
2025-02-12 19:20:48,655 - DEBUG - Getting random word and generating sentence
2025-02-12 19:20:48,656 - DEBUG - Generating sentence for word: 来る
2025-02-12 19:20:50,295 - INFO - Generated sentence: 明日、私の友達が遊びに来る予定です。
2025-02-12 19:21:26,339 - INFO - Initializing MangaOCR
2025-02-12 19:21:38,717 - INFO - Transcribing image with MangaOCR
2025-02-12 19:21:38,971 - DEBUG - Transcription result: 彼女が最後を待つことによっては、
2025-02-12 19:21:38,975 - INFO - Getting literal translation
2025-02-12 19:21:40,306 - DEBUG - Translation: By her waiting for the end,
2025-02-12 19:21:40,306 - INFO - Getting grade and feedback
2025-02-12 19:21:40,306 - ERROR - Error in grade_submission: name 'st' is not defined
2025-02-12 19:23:10,692 - DEBUG - Fetching vocabulary from: http://localhost:5000/api/groups/1/words/raw
2025-02-12 19:23:10,705 - INFO - Loaded 120 words
2025-02-12 19:23:17,367 - DEBUG - Getting random word and generating sentence
2025-02-12 19:23:17,368 - DEBUG - Generating sentence for word: 乗る
2025-02-12 19:23:18,777 - INFO - Generated sentence: 私は毎朝電車に乗ることが習慣になっています。
2025-02-12 19:23:24,170 - INFO - Initializing MangaOCR
2025-02-12 19:23:28,909 - INFO - Transcribing image with MangaOCR
2025-02-12 19:23:29,147 - DEBUG - Transcription result: 彼女が最後を待つことによっては、
2025-02-12 19:23:29,150 - INFO - Getting literal translation
2025-02-12 19:23:30,254 - DEBUG - Translation: By her waiting for the end,
2025-02-12 19:23:30,254 - INFO - Getting grade and feedback
2025-02-12 19:23:35,058 - INFO - Grading complete: C
2025-02-12 19:23:35,059 - DEBUG - Feedback: The student's Japanese sentence is grammatically correct and makes sense on its own, but it does not match the target English sentence at all. The target sentence is about a daily habit of riding the train, while the student's sentence is about a woman waiting for the end. The student needs to focus on understanding and accurately translating the given English sentence. The correct translation should be "私は毎朝電車に乗ることが習慣になっています".
2025-02-12 19:24:57,122 - DEBUG - Fetching vocabulary from: http://localhost:5000/api/groups/1/words/raw
2025-02-12 19:24:57,138 - INFO - Loaded 120 words
2025-02-12 19:25:05,303 - DEBUG - Getting random word and generating sentence
2025-02-12 19:25:05,305 - DEBUG - Generating sentence for word: 起きる
2025-02-12 19:25:06,805 - INFO - Generated sentence: 毎朝、6時に起きることにしています。
2025-02-12 19:25:28,693 - INFO - Initializing MangaOCR
2025-02-12 19:25:33,097 - INFO - Transcribing image with MangaOCR
2025-02-12 19:25:33,321 - DEBUG - Transcription result: 彼女が最後を待つことによっては、
2025-02-12 19:25:33,326 - INFO - Getting literal translation
2025-02-12 19:25:34,170 - DEBUG - Translation: By her waiting for the end,
2025-02-12 19:25:34,170 - INFO - Getting grade and feedback
2025-02-12 19:25:37,139 - INFO - Grading complete: C
2025-02-12 19:25:37,140 - DEBUG - Feedback: Your sentence does not match the target English sentence at all. The target sentence is "I make it a rule to wake up at 6 every morning," but your sentence translates to "By her waiting for the end." Please make sure to understand the target sentence correctly and try again. Also, your sentence is grammatically correct but it does not make sense in the context provided. Please focus on the content of the target sentence when translating.
2025-02-12 19:27:53,137 - DEBUG - Fetching vocabulary from: http://localhost:5000/api/groups/1/words/raw
2025-02-12 19:27:53,153 - INFO - Loaded 120 words
2025-02-12 19:31:26,045 - DEBUG - Fetching vocabulary from: http://localhost:5000/api/groups/1/words/raw
2025-02-12 19:31:26,053 - INFO - Loaded 120 words
2025-02-12 19:31:43,114 - DEBUG - Getting random word
2025-02-12 19:33:41,588 - DEBUG - Getting random word
2025-02-12 19:35:24,488 - DEBUG - Fetching vocabulary from: http://localhost:5000/api/groups/1/words/raw
2025-02-12 19:35:24,501 - INFO - Loaded 120 words
2025-02-12 19:36:04,807 - DEBUG - Fetching vocabulary from: http://localhost:5000/api/groups/1/words/raw
2025-02-12 19:36:04,818 - INFO - Loaded 120 words
2025-02-12 19:37:16,746 - DEBUG - Fetching vocabulary from: http://localhost:5000/api/groups/1/words/raw
2025-02-12 19:37:16,759 - INFO - Loaded 120 words
2025-02-12 19:38:03,728 - DEBUG - Fetching vocabulary from: http://localhost:5000/api/groups/1/words/raw
2025-02-12 19:38:03,740 - INFO - Loaded 120 words
2025-02-12 19:38:11,868 - DEBUG - Getting random word
2025-02-12 19:38:31,049 - INFO - Initializing MangaOCR
2025-02-12 19:38:36,122 - ERROR - Error in grade_submission: 'dict' object has no attribute 'split'
2025-02-12 19:40:10,940 - DEBUG - Fetching vocabulary from: http://localhost:5000/api/groups/1/words/raw
2025-02-12 19:40:10,949 - INFO - Loaded 120 words
2025-02-12 19:40:15,865 - DEBUG - Getting random word
2025-02-12 19:40:17,882 - DEBUG - Getting random word
2025-02-12 19:40:22,978 - DEBUG - Getting random word
2025-02-12 19:40:37,670 - INFO - Initializing MangaOCR
2025-02-12 19:40:42,667 - ERROR - Error in grade_submission: 'dict' object has no attribute 'split'
2025-02-12 19:41:19,220 - DEBUG - Fetching vocabulary from: http://localhost:5000/api/groups/1/words/raw
2025-02-12 19:41:19,236 - INFO - Loaded 120 words
2025-02-12 19:41:23,880 - DEBUG - Getting random word
2025-02-12 19:41:34,030 - INFO - Initializing MangaOCR
2025-02-12 19:41:37,870 - ERROR - Error in grade_submission: 'dict' object has no attribute '__array_interface__'
2025-02-12 19:42:02,431 - DEBUG - Fetching vocabulary from: http://localhost:5000/api/groups/1/words/raw
2025-02-12 19:42:02,446 - INFO - Loaded 120 words
2025-02-12 19:42:06,534 - DEBUG - Getting random word
2025-02-12 19:42:08,148 - DEBUG - Getting random word
2025-02-12 19:42:17,708 - INFO - Initializing MangaOCR
2025-02-12 19:42:21,932 - ERROR - Error in grade_submission: 'dict' object has no attribute '__array_interface__'
2025-02-12 19:42:47,305 - DEBUG - Fetching vocabulary from: http://localhost:5000/api/groups/1/words/raw
2025-02-12 19:42:47,319 - INFO - Loaded 120 words
2025-02-12 19:42:52,003 - DEBUG - Getting random word
2025-02-12 19:42:53,063 - DEBUG - Getting random word
2025-02-12 19:43:01,195 - INFO - Initializing MangaOCR
2025-02-12 19:43:05,739 - INFO - Image type: <class 'dict'>
2025-02-12 19:43:05,740 - INFO - Image content: {'background': <PIL.Image.Image image mode=RGBA size=800x800 at 0x7F9B3DC25610>, 'layers': [<PIL.Image.Image image mode=RGBA size=800x800 at 0x7F9B3DC25550>], 'composite': <PIL.Image.Image image mode=RGBA size=800x800 at 0x7F9B3DC243E0>}
2025-02-12 19:43:05,740 - INFO - Image dict keys: dict_keys(['background', 'layers', 'composite'])
2025-02-12 19:43:05,741 - ERROR - Error in grade_submission: expected string or buffer
2025-02-12 19:43:38,245 - DEBUG - Fetching vocabulary from: http://localhost:5000/api/groups/1/words/raw
2025-02-12 19:43:38,256 - INFO - Loaded 120 words
2025-02-12 19:44:06,185 - DEBUG - Fetching vocabulary from: http://localhost:5000/api/groups/1/words/raw
2025-02-12 19:44:06,205 - INFO - Loaded 120 words
2025-02-12 19:44:16,240 - INFO - Initializing MangaOCR
2025-02-12 19:44:20,104 - INFO - Transcribing image with MangaOCR
2025-02-12 19:44:20,250 - DEBUG - Transcription result: くるま
2025-02-12 19:44:20,255 - INFO - Getting grade and feedback
2025-02-12 19:44:20,255 - ERROR - Error in grade_submission: 'NoneType' object has no attribute 'get'
2025-02-12 19:45:38,146 - DEBUG - Fetching vocabulary from: http://localhost:5000/api/groups/1/words/raw
2025-02-12 19:45:38,161 - INFO - Loaded 120 words
2025-02-12 19:46:03,340 - DEBUG - Fetching vocabulary from: http://localhost:5000/api/groups/1/words/raw
2025-02-12 19:46:03,349 - INFO - Loaded 120 words
2025-02-12 19:46:21,507 - DEBUG - Fetching vocabulary from: http://localhost:5000/api/groups/1/words/raw
2025-02-12 19:46:21,522 - INFO - Loaded 120 words
2025-02-12 19:46:25,046 - DEBUG - Getting random word
2025-02-12 19:46:49,036 - INFO - Initializing MangaOCR
2025-02-12 19:46:53,022 - INFO - Transcribing image with MangaOCR
2025-02-12 19:46:53,168 - DEBUG - Transcription result: くるま
2025-02-12 19:46:53,173 - INFO - Getting grade and feedback
2025-02-12 19:46:58,147 - INFO - Grading complete: C
2025-02-12 19:46:58,147 - DEBUG - Feedback: Your writing needs significant improvement. The word you were asked to write was '降りる', but you wrote 'くるま', which means 'car'. It seems there has been a misunderstanding in the word you were supposed to write. 

In terms of handwriting, your characters are clear and easy to read, which is good. However, the accuracy of the content is very important. Please make sure to double-check the word you are supposed to write. 

In terms of stroke order, it's hard to evaluate since the written word was not the one assigned. 

Please continue practicing and pay close attention to the words you are asked to write. Keep up the hard work!
2025-02-12 19:50:17,724 - DEBUG - Fetching vocabulary from: http://localhost:5000/api/groups/1/words/raw
2025-02-12 19:50:17,739 - INFO - Loaded 120 words
2025-02-12 19:50:20,620 - DEBUG - Getting random word
2025-02-12 19:50:29,091 - INFO - Initializing MangaOCR
2025-02-12 19:50:32,848 - INFO - Transcribing image with MangaOCR
2025-02-12 19:50:32,986 - DEBUG - Transcription result: くるま
2025-02-12 19:50:32,990 - INFO - Grading complete: ✗ Incorrect
2025-02-12 19:51:12,810 - DEBUG - Fetching vocabulary from: http://localhost:5000/api/groups/1/words/raw
2025-02-12 19:51:12,823 - INFO - Loaded 120 words
2025-02-12 19:51:16,355 - DEBUG - Getting random word
2025-02-12 19:51:19,538 - INFO - Initializing MangaOCR
2025-02-12 19:51:23,386 - INFO - Transcribing image with MangaOCR
2025-02-12 19:51:23,536 - DEBUG - Transcription result: くるま
2025-02-12 19:51:23,541 - INFO - Grading complete: ✗ Incorrect
2025-02-12 19:52:57,593 - DEBUG - Fetching vocabulary from: http://localhost:5000/api/groups/1/words/raw
2025-02-12 19:52:57,606 - INFO - Loaded 120 words
2025-02-12 19:52:57,607 - ERROR - Failed to create study session. Status code: 500
2025-02-12 19:53:02,491 - DEBUG - Getting random word
2025-02-12 19:53:11,874 - INFO - Initializing MangaOCR
2025-02-12 19:53:15,639 - INFO - Transcribing image with MangaOCR
2025-02-12 19:53:15,776 - DEBUG - Transcription result: くるま
2025-02-12 19:53:15,779 - ERROR - Missing study session ID or current word
2025-02-12 19:53:15,780 - INFO - Grading complete: ✗ Incorrect
2025-02-12 19:53:57,773 - INFO - Transcribing image with MangaOCR
2025-02-12 19:53:57,918 - DEBUG - Transcription result: くるま
2025-02-12 19:53:57,921 - ERROR - Missing study session ID or current word
2025-02-12 19:53:57,921 - INFO - Grading complete: ✗ Incorrect
2025-02-12 19:54:13,356 - DEBUG - Fetching vocabulary from: http://localhost:5000/api/groups/1/words/raw
2025-02-12 19:54:13,373 - INFO - Loaded 120 words
2025-02-12 19:54:13,375 - ERROR - Failed to create study session. Status code: 500
2025-02-12 19:54:22,696 - DEBUG - Getting random word
2025-02-12 19:54:26,887 - INFO - Initializing MangaOCR
2025-02-12 19:54:32,175 - INFO - Transcribing image with MangaOCR
2025-02-12 19:54:32,317 - DEBUG - Transcription result: くるま
2025-02-12 19:54:32,321 - ERROR - Missing study session ID or current word
2025-02-12 19:54:32,321 - INFO - Grading complete: ✗ Incorrect
2025-02-12 19:55:39,229 - DEBUG - Fetching vocabulary from: http://localhost:5000/api/groups/1/words/raw
2025-02-12 19:55:39,238 - INFO - Loaded 120 words
2025-02-12 19:55:39,240 - ERROR - Failed to create study session. Status code: 500
2025-02-12 19:55:52,935 - DEBUG - Getting random word
2025-02-12 19:55:56,370 - INFO - Initializing MangaOCR
2025-02-12 19:56:00,117 - INFO - Transcribing image with MangaOCR
2025-02-12 19:56:00,264 - DEBUG - Transcription result: くるま
2025-02-12 19:56:00,269 - DEBUG - Current word: {'english': 'to hang; to call (phone)', 'id': 20, 'kanji': '掛ける', 'parts': [{'kanji': '掛', 'romaji': ['ka']}, {'kanji': 'け', 'romaji': ['ke']}, {'kanji': 'る', 'romaji': ['ru']}], 'romaji': 'kakeru'}
2025-02-12 19:56:00,270 - DEBUG - Transcription: くるま, Target: , Is correct: False
2025-02-12 19:56:00,270 - DEBUG - Attempting to submit result. Session ID: None, Word: {'english': 'to hang; to call (phone)', 'id': 20, 'kanji': '掛ける', 'parts': [{'kanji': '掛', 'romaji': ['ka']}, {'kanji': 'け', 'romaji': ['ke']}, {'kanji': 'る', 'romaji': ['ru']}], 'romaji': 'kakeru'}
2025-02-12 19:56:00,270 - ERROR - Missing study session ID or current word
2025-02-12 19:56:00,271 - INFO - Grading complete: ✗ Incorrect
2025-02-12 19:59:43,210 - DEBUG - Using session_id: None
2025-02-12 19:59:43,210 - DEBUG - Fetching vocabulary from: http://localhost:5000/api/groups/1/words/raw
2025-02-12 19:59:43,219 - INFO - Loaded 120 words
2025-02-12 19:59:46,285 - DEBUG - Getting random word
2025-02-12 19:59:49,919 - INFO - Initializing MangaOCR
2025-02-12 19:59:53,654 - INFO - Transcribing image with MangaOCR
2025-02-12 19:59:53,796 - DEBUG - Transcription result: くるま
2025-02-12 19:59:53,801 - DEBUG - Current word: {'english': 'to ride', 'id': 15, 'kanji': '乗る', 'parts': [{'kanji': '乗', 'romaji': ['no']}, {'kanji': 'る', 'romaji': ['ru']}], 'romaji': 'noru'}
2025-02-12 19:59:53,801 - DEBUG - Transcription: くるま, Target: , Is correct: False
2025-02-12 19:59:53,802 - DEBUG - Attempting to submit result. Session ID: None, Word: {'english': 'to ride', 'id': 15, 'kanji': '乗る', 'parts': [{'kanji': '乗', 'romaji': ['no']}, {'kanji': 'る', 'romaji': ['ru']}], 'romaji': 'noru'}
2025-02-12 19:59:53,802 - ERROR - Missing study session ID or current word
2025-02-12 19:59:53,802 - INFO - Grading complete: ✗ Incorrect
2025-02-12 20:01:56,152 - DEBUG - Using session_id: 1
2025-02-12 20:01:56,153 - DEBUG - Fetching vocabulary from: http://localhost:5000/api/groups/1/words/raw
2025-02-12 20:01:56,162 - INFO - Loaded 120 words
2025-02-12 20:02:02,066 - DEBUG - Getting random word
2025-02-12 20:02:02,727 - INFO - Initializing MangaOCR
2025-02-12 20:02:06,623 - INFO - Transcribing image with MangaOCR
2025-02-12 20:02:06,775 - DEBUG - Transcription result: くるま
2025-02-12 20:02:06,780 - DEBUG - Current word: {'english': 'to receive', 'id': 149, 'kanji': 'もらう', 'parts': [{'kanji': 'も', 'romaji': ['mo']}, {'kanji': 'ら', 'romaji': ['ra']}, {'kanji': 'う', 'romaji': ['u']}], 'romaji': 'morau'}
2025-02-12 20:02:06,780 - DEBUG - Transcription: くるま, Target: , Is correct: False
2025-02-12 20:02:06,780 - DEBUG - Attempting to submit result. Session ID: 1, Word: {'english': 'to receive', 'id': 149, 'kanji': 'もらう', 'parts': [{'kanji': 'も', 'romaji': ['mo']}, {'kanji': 'ら', 'romaji': ['ra']}, {'kanji': 'う', 'romaji': ['u']}], 'romaji': 'morau'}
2025-02-12 20:02:06,781 - DEBUG - Submitting to URL: http://localhost:5000/study_sessions/1/review with data: {'word_id': 149, 'correct': False}
2025-02-12 20:02:06,812 - DEBUG - Response status: 200, content: {
  "message": "Review logged successfully"
}

2025-02-12 20:02:06,813 - INFO - Successfully submitted result for word 149
2025-02-12 20:02:06,813 - INFO - Grading complete: ✗ Incorrect
2025-02-21 13:15:44,548 - DEBUG - Using session_id: 1
2025-02-21 13:15:44,548 - DEBUG - Fetching vocabulary from: http://localhost:5000/api/groups/1/words/raw
2025-02-21 13:15:44,549 - ERROR - Error loading vocabulary: HTTPConnectionPool(host='localhost', port=5000): Max retries exceeded with url: /api/groups/1/words/raw (Caused by NewConnectionError('<urllib3.connection.HTTPConnection object at 0x7fb787bd2500>: Failed to establish a new connection: [Errno 111] Connection refused'))
2025-02-21 13:16:16,798 - DEBUG - Getting random word
2025-02-21 13:16:20,158 - DEBUG - Getting random word
2025-02-21 13:16:21,215 - DEBUG - Getting random word
2025-02-21 13:16:21,665 - DEBUG - Getting random word
2025-02-21 13:16:22,167 - DEBUG - Getting random word
2025-02-21 13:16:22,620 - DEBUG - Getting random word
2025-02-21 13:16:23,125 - DEBUG - Getting random word
2025-02-21 13:16:23,628 - DEBUG - Getting random word
2025-02-21 13:16:24,031 - DEBUG - Getting random word
2025-02-21 13:16:24,535 - DEBUG - Getting random word
2025-02-21 13:18:09,228 - DEBUG - Using session_id: 1
2025-02-21 13:18:09,229 - DEBUG - Fetching vocabulary from: http://localhost:5000/api/groups/1/words/raw
2025-02-21 13:18:09,230 - ERROR - Error loading vocabulary: HTTPConnectionPool(host='localhost', port=5000): Max retries exceeded with url: /api/groups/1/words/raw (Caused by NewConnectionError('<urllib3.connection.HTTPConnection object at 0x7f7fc28d2a70>: Failed to establish a new connection: [Errno 111] Connection refused'))
2025-02-21 13:18:14,344 - DEBUG - Getting random word
2025-02-21 13:18:14,345 - ERROR - No words found in vocabulary: {'words': []}
2025-02-21 13:23:34,673 - DEBUG - Using session_id: 1
2025-02-21 13:23:34,673 - DEBUG - Fetching vocabulary from: http://localhost:5000/api/groups/1/words/raw
2025-02-21 13:23:34,675 - ERROR - Failed to load vocabulary. Status code: 404
2025-02-21 13:23:41,342 - DEBUG - Getting random word
2025-02-21 13:23:41,342 - ERROR - No words found in vocabulary: {'words': []}
2025-02-21 13:23:42,249 - DEBUG - Getting random word
2025-02-21 13:23:42,249 - ERROR - No words found in vocabulary: {'words': []}
2025-02-21 13:23:42,700 - DEBUG - Getting random word
2025-02-21 13:23:42,700 - ERROR - No words found in vocabulary: {'words': []}
2025-02-21 13:23:43,103 - DEBUG - Getting random word
2025-02-21 13:23:43,103 - ERROR - No words found in vocabulary: {'words': []}
2025-02-21 13:25:03,034 - DEBUG - Using session_id: 1
2025-02-21 13:25:03,034 - DEBUG - Fetching vocabulary from: http://localhost:5000/api/words?group_id=1
2025-02-21 13:25:03,036 - ERROR - Failed to load vocabulary. Status code: 404
2025-02-21 13:25:06,567 - DEBUG - Getting random word
2025-02-21 13:25:06,567 - ERROR - No words found in vocabulary: {'words': []}
2025-02-21 13:25:07,472 - DEBUG - Getting random word
2025-02-21 13:25:07,472 - ERROR - No words found in vocabulary: {'words': []}
2025-02-21 13:25:07,873 - DEBUG - Getting random word
2025-02-21 13:25:07,873 - ERROR - No words found in vocabulary: {'words': []}
2025-02-21 13:28:18,162 - DEBUG - Using session_id: 1
2025-02-21 13:28:18,162 - DEBUG - Fetching vocabulary from: http://localhost:8080/api/words?group_id=1
2025-02-21 13:28:18,164 - ERROR - Error loading vocabulary: HTTPConnectionPool(host='localhost', port=8080): Max retries exceeded with url: /api/words?group_id=1 (Caused by NewConnectionError('<urllib3.connection.HTTPConnection object at 0x7fb2b9972ad0>: Failed to establish a new connection: [Errno 111] Connection refused'))
2025-02-21 13:28:21,902 - DEBUG - Getting random word
2025-02-21 13:28:21,902 - ERROR - No words found in vocabulary: {'words': []}
2025-02-21 13:28:22,709 - DEBUG - Getting random word
2025-02-21 13:28:22,709 - ERROR - No words found in vocabulary: {'words': []}
2025-02-21 13:28:23,162 - DEBUG - Getting random word
2025-02-21 13:28:23,162 - ERROR - No words found in vocabulary: {'words': []}
2025-02-21 13:43:44,495 - DEBUG - Using session_id: 1
2025-02-21 13:43:44,495 - DEBUG - Fetching vocabulary from: http://localhost:5000/api/words?group_id=1
2025-02-21 13:43:44,497 - ERROR - Failed to load vocabulary. Status code: 404
2025-02-21 13:54:54,277 - DEBUG - Using session_id: 1
2025-02-21 13:54:54,277 - DEBUG - Fetching vocabulary from: http://localhost:5000/api/groups/1/words/raw
2025-02-21 13:54:54,279 - ERROR - Failed to load vocabulary. Status code: 404
2025-02-21 13:55:03,159 - DEBUG - Getting random word
2025-02-21 13:55:03,159 - ERROR - No words found in vocabulary: {'words': []}
2025-02-21 14:06:53,570 - DEBUG - Using session_id: 1
2025-02-21 14:06:53,570 - DEBUG - Fetching vocabulary from: http://localhost:5000/groups/1/words/raw
2025-02-21 14:06:53,573 - INFO - Loaded 60 words
2025-02-21 14:07:23,470 - DEBUG - Getting random word
2025-02-21 14:07:23,471 - DEBUG - Selecting from 60 words
2025-02-21 14:07:23,471 - DEBUG - Selected word: {'english': 'to give', 'id': 26, 'kanji': 'あげる', 'romaji': 'ageru'}
2025-02-21 14:07:23,472 - INFO - Returning word - Kanji: あげる, Reading: , English: to give
2025-02-21 14:25:54,615 - DEBUG - Using session_id: 1
2025-02-21 14:25:54,615 - DEBUG - Fetching vocabulary from: http://localhost:5000/groups/1/words/raw
2025-02-21 14:25:54,618 - INFO - Loaded 60 words
2025-02-21 14:25:57,811 - DEBUG - Getting random word
2025-02-21 14:25:57,811 - DEBUG - Selecting from 60 words
2025-02-21 14:25:57,811 - DEBUG - Selected word: {'english': 'to close', 'id': 41, 'kanji': '閉める', 'romaji': 'shimeru'}
2025-02-21 14:25:57,811 - INFO - Returning word - Kanji: 閉める, Reading: , English: to close
2025-02-21 14:26:07,819 - INFO - Initializing MangaOCR
2025-02-21 14:26:24,146 - INFO - Transcribing image with MangaOCR
2025-02-21 14:26:24,192 - DEBUG - Transcription result: 未っとれて
2025-02-21 14:26:24,193 - DEBUG - Current word: {'english': 'to close', 'id': 41, 'kanji': '閉める', 'romaji': 'shimeru'}
2025-02-21 14:26:24,193 - DEBUG - Transcription: 未っとれて, Target: , Is correct: False
2025-02-21 14:26:24,193 - DEBUG - Attempting to submit result. Session ID: 1, Word: {'english': 'to close', 'id': 41, 'kanji': '閉める', 'romaji': 'shimeru'}
2025-02-21 14:26:24,193 - DEBUG - Submitting to URL: http://localhost:5000/study_sessions/1/review with data: {'word_id': 41, 'correct': False}
2025-02-21 14:26:24,195 - DEBUG - Response status: 404, content: <!doctype html>
<html lang=en>
<title>404 Not Found</title>
<h1>Not Found</h1>
<p>The requested URL was not found on the server. If you entered the URL manually please check your spelling and try again.</p>

2025-02-21 14:26:24,195 - ERROR - Failed to submit result. Status code: 404
2025-02-21 14:26:24,195 - INFO - Grading complete: ✗ Incorrect
2025-02-21 14:26:52,640 - INFO - Transcribing image with MangaOCR
2025-02-21 14:26:52,678 - DEBUG - Transcription result: 未っとれて
2025-02-21 14:26:52,679 - DEBUG - Current word: {'english': 'to close', 'id': 41, 'kanji': '閉める', 'romaji': 'shimeru'}
2025-02-21 14:26:52,679 - DEBUG - Transcription: 未っとれて, Target: , Is correct: False
2025-02-21 14:26:52,679 - DEBUG - Attempting to submit result. Session ID: 1, Word: {'english': 'to close', 'id': 41, 'kanji': '閉める', 'romaji': 'shimeru'}
2025-02-21 14:26:52,679 - DEBUG - Submitting to URL: http://localhost:5000/study_sessions/1/review with data: {'word_id': 41, 'correct': False}
2025-02-21 14:26:52,681 - DEBUG - Response status: 404, content: <!doctype html>
<html lang=en>
<title>404 Not Found</title>
<h1>Not Found</h1>
<p>The requested URL was not found on the server. If you entered the URL manually please check your spelling and try again.</p>

2025-02-21 14:26:52,681 - ERROR - Failed to submit result. Status code: 404
2025-02-21 14:26:52,681 - INFO - Grading complete: ✗ Incorrect
2025-02-21 14:26:56,347 - DEBUG - Getting random word
2025-02-21 14:26:56,347 - DEBUG - Selecting from 60 words
2025-02-21 14:26:56,347 - DEBUG - Selected word: {'english': 'to hurry', 'id': 35, 'kanji': '急ぐ', 'romaji': 'isogu'}
2025-02-21 14:26:56,347 - INFO - Returning word - Kanji: 急ぐ, Reading: , English: to hurry
2025-02-21 14:27:00,668 - INFO - Transcribing image with MangaOCR
2025-02-21 14:27:00,723 - DEBUG - Transcription result: 未っとれて
2025-02-21 14:27:00,724 - DEBUG - Current word: {'english': 'to hurry', 'id': 35, 'kanji': '急ぐ', 'romaji': 'isogu'}
2025-02-21 14:27:00,724 - DEBUG - Transcription: 未っとれて, Target: , Is correct: False
2025-02-21 14:27:00,724 - DEBUG - Attempting to submit result. Session ID: 1, Word: {'english': 'to hurry', 'id': 35, 'kanji': '急ぐ', 'romaji': 'isogu'}
2025-02-21 14:27:00,724 - DEBUG - Submitting to URL: http://localhost:5000/study_sessions/1/review with data: {'word_id': 35, 'correct': False}
2025-02-21 14:27:00,726 - DEBUG - Response status: 404, content: <!doctype html>
<html lang=en>
<title>404 Not Found</title>
<h1>Not Found</h1>
<p>The requested URL was not found on the server. If you entered the URL manually please check your spelling and try again.</p>

2025-02-21 14:27:00,727 - ERROR - Failed to submit result. Status code: 404
2025-02-21 14:27:00,727 - INFO - Grading complete: ✗ Incorrect
2025-02-21 14:28:29,132 - DEBUG - Using session_id: 1
2025-02-21 14:28:29,132 - DEBUG - Fetching vocabulary from: http://localhost:5000/groups/1/words/raw
2025-02-21 14:28:29,136 - INFO - Loaded 60 words
2025-02-21 14:35:36,179 - DEBUG - Getting random word
2025-02-21 14:35:36,179 - DEBUG - Selecting from 60 words
2025-02-21 14:35:36,179 - DEBUG - Selected word: {'english': 'to lend', 'id': 22, 'kanji': '貸す', 'romaji': 'kasu'}
2025-02-21 14:35:36,180 - INFO - Returning word - Kanji: 貸す, Reading: , English: to lend
2025-02-21 14:35:44,408 - INFO - Initializing MangaOCR
2025-02-21 14:35:49,440 - INFO - Transcribing image with MangaOCR
2025-02-21 14:35:49,479 - DEBUG - Transcription result: 未っとれて
2025-02-21 14:35:49,480 - DEBUG - Current word: {'english': 'to lend', 'id': 22, 'kanji': '貸す', 'romaji': 'kasu'}
2025-02-21 14:35:49,480 - DEBUG - Transcription: 未っとれて, Target: , Is correct: False
2025-02-21 14:35:49,480 - DEBUG - Attempting to submit result. Session ID: 1, Word: {'english': 'to lend', 'id': 22, 'kanji': '貸す', 'romaji': 'kasu'}
2025-02-21 14:35:49,480 - DEBUG - Submitting to URL: http://localhost:5000/study_sessions/1/review with data: {'word_id': 22, 'correct': False}
2025-02-21 14:35:49,483 - DEBUG - Response status: 404, content: <!doctype html>
<html lang=en>
<title>404 Not Found</title>
<h1>Not Found</h1>
<p>The requested URL was not found on the server. If you entered the URL manually please check your spelling and try again.</p>

2025-02-21 14:35:49,483 - ERROR - Failed to submit result. Status code: 404
2025-02-21 14:35:49,483 - INFO - Grading complete: ✗ Incorrect
2025-02-21 14:44:24,797 - DEBUG - Using session_id: 1
2025-02-21 14:44:24,797 - DEBUG - Fetching vocabulary from: http://localhost:5000/groups/1/words/raw
2025-02-21 14:44:24,800 - INFO - Loaded 60 words
2025-02-21 14:44:28,865 - DEBUG - Getting random word
2025-02-21 14:44:28,866 - DEBUG - Selecting from 60 words
2025-02-21 14:44:28,866 - DEBUG - Selected word: {'english': 'to shop', 'id': 5, 'kanji': '買い物する', 'romaji': 'kaimonosuru'}
2025-02-21 14:44:28,866 - INFO - Returning word - Kanji: 買い物する, Reading: , English: to shop
2025-02-21 14:44:33,654 - INFO - Initializing MangaOCR
2025-02-21 14:44:38,673 - INFO - Transcribing image with MangaOCR
2025-02-21 14:44:38,713 - DEBUG - Transcription result: 未っとれて
2025-02-21 14:44:38,714 - DEBUG - Current word: {'english': 'to shop', 'id': 5, 'kanji': '買い物する', 'romaji': 'kaimonosuru'}
2025-02-21 14:44:38,714 - DEBUG - Transcription: 未っとれて, Target: , Is correct: False
2025-02-21 14:44:38,714 - DEBUG - Attempting to submit result. Session ID: 1, Word: {'english': 'to shop', 'id': 5, 'kanji': '買い物する', 'romaji': 'kaimonosuru'}
2025-02-21 14:44:38,714 - DEBUG - Submitting to URL: http://localhost:5000/api/study-sessions/1/review with data: {'word_id': 5, 'correct': False}
2025-02-21 14:44:38,720 - DEBUG - Response status: 201, content: {
  "message": "Review submitted successfully"
}

2025-02-21 14:44:38,720 - ERROR - Failed to submit result. Status code: 201
2025-02-21 14:44:38,720 - INFO - Grading complete: ✗ Incorrect
2025-02-21 14:48:22,673 - DEBUG - Using session_id: 1
2025-02-21 14:48:22,673 - DEBUG - Fetching vocabulary from: http://localhost:5000/groups/1/words/raw
2025-02-21 14:48:22,677 - INFO - Loaded 60 words
2025-02-21 14:48:26,989 - DEBUG - Getting random word
2025-02-21 14:48:26,989 - DEBUG - Selecting from 60 words
2025-02-21 14:48:26,989 - DEBUG - Selected word: {'english': 'to pay', 'id': 1, 'kanji': '払う', 'romaji': 'harau'}
2025-02-21 14:48:26,989 - INFO - Returning word - Kanji: 払う, Reading: , English: to pay
2025-02-21 14:48:29,950 - INFO - Initializing MangaOCR
2025-02-21 14:48:35,505 - INFO - Transcribing image with MangaOCR
2025-02-21 14:48:35,542 - DEBUG - Transcription result: 未っとれて
2025-02-21 14:48:35,543 - DEBUG - Current word: {'english': 'to pay', 'id': 1, 'kanji': '払う', 'romaji': 'harau'}
2025-02-21 14:48:35,543 - DEBUG - Transcription: 未っとれて, Target: 払う, Is correct: False
2025-02-21 14:48:35,543 - DEBUG - Attempting to submit result. Session ID: 1, Word: {'english': 'to pay', 'id': 1, 'kanji': '払う', 'romaji': 'harau'}
2025-02-21 14:48:35,543 - DEBUG - Submitting to URL: http://localhost:5000/api/study-sessions/1/review with data: {'word_id': 1, 'correct': False}
2025-02-21 14:48:35,548 - DEBUG - Response status: 201, content: {
  "message": "Review submitted successfully"
}

2025-02-21 14:48:35,548 - INFO - Successfully submitted result for word 1
2025-02-21 14:48:35,548 - INFO - Grading complete: ✗ Incorrect
2025-02-21 14:54:40,333 - DEBUG - Creating study session with data: {'group_id': '1', 'activity_id': 1}
2025-02-21 14:54:40,337 - ERROR - Failed to create study session. Status: 500
2025-02-21 14:54:40,337 - DEBUG - Using session_id: None
2025-02-21 14:54:40,337 - DEBUG - Fetching vocabulary from: http://localhost:5000/groups/1/words/raw
2025-02-21 14:54:40,339 - INFO - Loaded 60 words
2025-02-21 14:54:46,701 - DEBUG - Getting random word
2025-02-21 14:54:46,701 - DEBUG - Selecting from 60 words
2025-02-21 14:54:46,701 - DEBUG - Selected word: {'english': 'to start', 'id': 29, 'kanji': '始める', 'romaji': 'hajimeru'}
2025-02-21 14:54:46,701 - INFO - Returning word - Kanji: 始める, Reading: , English: to start
2025-02-21 14:54:50,166 - INFO - Initializing MangaOCR
2025-02-21 14:54:55,165 - INFO - Transcribing image with MangaOCR
2025-02-21 14:54:55,206 - DEBUG - Transcription result: 未っとれて
2025-02-21 14:54:55,206 - DEBUG - Current word: {'english': 'to start', 'id': 29, 'kanji': '始める', 'romaji': 'hajimeru'}
2025-02-21 14:54:55,207 - DEBUG - Transcription: 未っとれて, Target: 始める, Is correct: False
2025-02-21 14:54:55,207 - DEBUG - Attempting to submit result. Session ID: None, Word: {'english': 'to start', 'id': 29, 'kanji': '始める', 'romaji': 'hajimeru'}
2025-02-21 14:54:55,207 - ERROR - Missing study session ID or current word
2025-02-21 14:54:55,207 - INFO - Grading complete: ✗ Incorrect
2025-02-21 14:55:48,970 - DEBUG - Creating study session with data: {'group_id': 1, 'study_activity_id': 1}
2025-02-21 14:55:48,976 - DEBUG - Create session response: 201, {
  "activity_id": 1,
  "activity_name": "Typing Tutor",
  "end_time": "2025-02-21 20:55:48",
  "group_id": 1,
  "group_name": "Core Verbs",
  "id": 1,
  "review_items_count": 0,
  "start_time": "2025-02-21 20:55:48"
}

2025-02-21 14:55:48,976 - INFO - Created study session: {'activity_id': 1, 'activity_name': 'Typing Tutor', 'end_time': '2025-02-21 20:55:48', 'group_id': 1, 'group_name': 'Core Verbs', 'id': 1, 'review_items_count': 0, 'start_time': '2025-02-21 20:55:48'}
2025-02-21 14:55:48,976 - DEBUG - Using session_id: 1
2025-02-21 14:55:48,976 - DEBUG - Fetching vocabulary from: http://localhost:5000/groups/1/words/raw
2025-02-21 14:55:48,978 - INFO - Loaded 60 words
2025-02-21 14:55:50,724 - DEBUG - Getting random word
2025-02-21 14:55:50,724 - DEBUG - Selecting from 60 words
2025-02-21 14:55:50,724 - DEBUG - Selected word: {'english': 'to work', 'id': 44, 'kanji': '働く', 'romaji': 'hataraku'}
2025-02-21 14:55:50,724 - INFO - Returning word - Kanji: 働く, Reading: , English: to work
2025-02-21 14:55:54,546 - INFO - Initializing MangaOCR
2025-02-21 14:55:59,883 - INFO - Transcribing image with MangaOCR
2025-02-21 14:55:59,925 - DEBUG - Transcription result: 未っとれて
2025-02-21 14:55:59,926 - DEBUG - Current word: {'english': 'to work', 'id': 44, 'kanji': '働く', 'romaji': 'hataraku'}
2025-02-21 14:55:59,926 - DEBUG - Transcription: 未っとれて, Target: 働く, Is correct: False
2025-02-21 14:55:59,926 - DEBUG - Attempting to submit result. Session ID: 1, Word: {'english': 'to work', 'id': 44, 'kanji': '働く', 'romaji': 'hataraku'}
2025-02-21 14:55:59,926 - DEBUG - Submitting to URL: http://localhost:5000/api/study-sessions/1/review with data: {'word_id': 44, 'correct': False}
2025-02-21 14:55:59,931 - DEBUG - Response status: 201, content: {
  "message": "Review submitted successfully"
}

2025-02-21 14:55:59,931 - INFO - Successfully submitted result for word 44
2025-02-21 14:55:59,931 - INFO - Grading complete: ✗ Incorrect
2025-02-21 14:56:30,337 - DEBUG - Getting random word
2025-02-21 14:56:30,338 - DEBUG - Selecting from 60 words
2025-02-21 14:56:30,338 - DEBUG - Selected word: {'english': 'to cut', 'id': 48, 'kanji': '切る', 'romaji': 'kiru'}
2025-02-21 14:56:30,338 - INFO - Returning word - Kanji: 切る, Reading: , English: to cut
2025-02-21 14:56:38,475 - INFO - Transcribing image with MangaOCR
2025-02-21 14:56:38,513 - DEBUG - Transcription result: 未っとれて
2025-02-21 14:56:38,514 - DEBUG - Current word: {'english': 'to cut', 'id': 48, 'kanji': '切る', 'romaji': 'kiru'}
2025-02-21 14:56:38,514 - DEBUG - Transcription: 未っとれて, Target: 切る, Is correct: False
2025-02-21 14:56:38,514 - DEBUG - Attempting to submit result. Session ID: 1, Word: {'english': 'to cut', 'id': 48, 'kanji': '切る', 'romaji': 'kiru'}
2025-02-21 14:56:38,514 - DEBUG - Submitting to URL: http://localhost:5000/api/study-sessions/1/review with data: {'word_id': 48, 'correct': False}
2025-02-21 14:56:38,520 - DEBUG - Response status: 201, content: {
  "message": "Review submitted successfully"
}

2025-02-21 14:56:38,520 - INFO - Successfully submitted result for word 48
2025-02-21 14:56:38,520 - INFO - Grading complete: ✗ Incorrect
2025-02-21 14:57:43,406 - DEBUG - Creating study session with data: {'group_id': 1, 'study_activity_id': 2}
2025-02-21 14:57:43,411 - DEBUG - Create session response: 201, {
  "activity_id": 2,
  "activity_name": "Writing Practice",
  "end_time": "2025-02-21 20:57:43",
  "group_id": 1,
  "group_name": "Core Verbs",
  "id": 2,
  "review_items_count": 0,
  "start_time": "2025-02-21 20:57:43"
}

2025-02-21 14:57:43,411 - INFO - Created study session: {'activity_id': 2, 'activity_name': 'Writing Practice', 'end_time': '2025-02-21 20:57:43', 'group_id': 1, 'group_name': 'Core Verbs', 'id': 2, 'review_items_count': 0, 'start_time': '2025-02-21 20:57:43'}
2025-02-21 14:57:43,411 - DEBUG - Using session_id: 2
2025-02-21 14:57:43,411 - DEBUG - Fetching vocabulary from: http://localhost:5000/groups/1/words/raw
2025-02-21 14:57:43,413 - INFO - Loaded 60 words
2025-02-21 14:57:50,759 - DEBUG - Getting random word
2025-02-21 14:57:50,759 - DEBUG - Selecting from 60 words
2025-02-21 14:57:50,759 - DEBUG - Selected word: {'english': 'to meet', 'id': 27, 'kanji': '会う', 'romaji': 'au'}
2025-02-21 14:57:50,759 - INFO - Returning word - Kanji: 会う, Reading: , English: to meet
2025-02-21 14:57:53,970 - INFO - Initializing MangaOCR
2025-02-21 14:57:59,007 - INFO - Transcribing image with MangaOCR
2025-02-21 14:57:59,051 - DEBUG - Transcription result: 未っとれて
2025-02-21 14:57:59,052 - DEBUG - Current word: {'english': 'to meet', 'id': 27, 'kanji': '会う', 'romaji': 'au'}
2025-02-21 14:57:59,052 - DEBUG - Transcription: 未っとれて, Target: 会う, Is correct: False
2025-02-21 14:57:59,052 - DEBUG - Attempting to submit result. Session ID: 2, Word: {'english': 'to meet', 'id': 27, 'kanji': '会う', 'romaji': 'au'}
2025-02-21 14:57:59,052 - DEBUG - Submitting to URL: http://localhost:5000/api/study-sessions/2/review with data: {'word_id': 27, 'correct': False}
2025-02-21 14:57:59,058 - DEBUG - Response status: 201, content: {
  "message": "Review submitted successfully"
}

2025-02-21 14:57:59,058 - INFO - Successfully submitted result for word 27
2025-02-21 14:57:59,058 - INFO - Grading complete: ✗ Incorrect
2025-02-21 15:29:46,330 - DEBUG - Fetching vocabulary from: http://localhost:5000/groups/1/words/raw
2025-02-21 15:29:46,332 - ERROR - Error loading vocabulary: HTTPConnectionPool(host='localhost', port=5000): Max retries exceeded with url: /groups/1/words/raw (Caused by NewConnectionError('<urllib3.connection.HTTPConnection object at 0x7fa27cb5ed40>: Failed to establish a new connection: [Errno 111] Connection refused'))
2025-02-21 15:29:52,042 - DEBUG - Getting random word and generating sentence
2025-02-21 15:30:06,965 - DEBUG - Fetching vocabulary from: http://localhost:5000/groups/1/words/raw
2025-02-21 15:30:06,968 - ERROR - Error loading vocabulary: 'list' object has no attribute 'get'
2025-02-21 15:30:10,324 - DEBUG - Getting random word and generating sentence
2025-02-21 15:32:35,672 - DEBUG - Creating study session with data: {'group_id': 1, 'study_activity_id': 2}
2025-02-21 15:32:35,677 - DEBUG - Create session response: 201, {
  "activity_id": 2,
  "activity_name": "Writing Practice",
  "end_time": "2025-02-21 21:32:35",
  "group_id": 1,
  "group_name": "Core Verbs",
  "id": 1,
  "review_items_count": 0,
  "start_time": "2025-02-21 21:32:35"
}

2025-02-21 15:32:35,677 - INFO - Created study session: {'activity_id': 2, 'activity_name': 'Writing Practice', 'end_time': '2025-02-21 21:32:35', 'group_id': 1, 'group_name': 'Core Verbs', 'id': 1, 'review_items_count': 0, 'start_time': '2025-02-21 21:32:35'}
2025-02-21 15:32:35,677 - DEBUG - Using session_id: 1
2025-02-21 15:32:35,677 - DEBUG - Fetching vocabulary from: http://localhost:5000/groups/1/words/raw
2025-02-21 15:32:35,679 - INFO - Loaded 60 words
2025-02-21 15:32:37,966 - DEBUG - Getting random word and generating sentence
2025-02-21 15:32:37,966 - DEBUG - Generating sentence for word: 貸す
2025-02-21 15:32:38,298 - INFO - Generated sentence: この本は、友達に貸しました。
(I lent this book to a friend.)
2025-02-21 15:32:49,873 - INFO - Initializing MangaOCR
2025-02-21 15:32:55,911 - INFO - Transcribing image with MangaOCR
2025-02-21 15:32:55,957 - DEBUG - Transcription result: 未っとれて
2025-02-21 15:32:55,958 - INFO - Getting literal translation
2025-02-21 15:32:56,230 - DEBUG - Translation: Not yet finished
2025-02-21 15:32:56,230 - INFO - Getting grade and feedback
2025-02-21 15:32:56,699 - INFO - Grading complete: C
2025-02-21 15:32:56,699 - DEBUG - Feedback: 1. Accuracy of translation: The student's translation does not match the target English sentence. Instead, it seems to be a response to a question about the completion status of a book.

2. Grammar correctness: The student's response is written in hiragana only, which is not grammatically correct for a formal written response. There are no particles or verb conjugations present.

3. Writing style and naturalness: The response is not natural and lacks the necessary components of a complete sentence. It is also not written in the standard format for a written response in Japanese.

To improve, the student should learn how to construct a complete sentence in Japanese, including the use of particles and verb conjugations. They should also practice translating English sentences into Japanese, paying close attention to the meaning and context of the sentence.
